[debug] [2021-03-28T15:41:26.362Z] ----------------------------------------------------------------------
[debug] [2021-03-28T15:41:26.364Z] Command:       /usr/local/bin/node /usr/local/bin/firebase deploy
[debug] [2021-03-28T15:41:26.364Z] CLI Version:   9.6.1
[debug] [2021-03-28T15:41:26.364Z] Platform:      darwin
[debug] [2021-03-28T15:41:26.364Z] Node Version:  v14.16.0
[debug] [2021-03-28T15:41:26.370Z] Time:          Sun Mar 28 2021 21:11:26 GMT+0530 (India Standard Time)
[debug] [2021-03-28T15:41:26.370Z] ----------------------------------------------------------------------
[debug] [2021-03-28T15:41:26.370Z] 
[debug] [2021-03-28T15:41:26.373Z] >>> [apiv2][query] GET https://firebase-public.firebaseio.com/cli.json [none]
[debug] [2021-03-28T15:41:26.392Z] > command requires scopes: ["email","openid","https://www.googleapis.com/auth/cloudplatformprojects.readonly","https://www.googleapis.com/auth/firebase","https://www.googleapis.com/auth/cloud-platform"]
[debug] [2021-03-28T15:41:26.392Z] > authorizing via signed-in user
[debug] [2021-03-28T15:41:26.393Z] [iam] checking project paperhand for permissions ["firebase.projects.get","firebasehosting.sites.update"]
[debug] [2021-03-28T15:41:26.394Z] > refreshing access token with scopes: ["email","https://www.googleapis.com/auth/cloud-platform","https://www.googleapis.com/auth/cloudplatformprojects.readonly","https://www.googleapis.com/auth/firebase","openid"]
[debug] [2021-03-28T15:41:26.394Z] >>> HTTP REQUEST POST https://www.googleapis.com/oauth2/v3/token  
 <request body omitted>
[debug] [2021-03-28T15:41:26.535Z] <<< HTTP RESPONSE 200 {"pragma":"no-cache","expires":"Mon, 01 Jan 1990 00:00:00 GMT","cache-control":"no-cache, no-store, max-age=0, must-revalidate","date":"Sun, 28 Mar 2021 15:41:26 GMT","content-type":"application/json; charset=utf-8","vary":"X-Origin, Referer, Origin,Accept-Encoding","server":"scaffolding on HTTPServer2","x-xss-protection":"0","x-frame-options":"SAMEORIGIN","x-content-type-options":"nosniff","alt-svc":"h3-29=\":443\"; ma=2592000,h3-T051=\":443\"; ma=2592000,h3-Q050=\":443\"; ma=2592000,h3-Q046=\":443\"; ma=2592000,h3-Q043=\":443\"; ma=2592000,quic=\":443\"; ma=2592000; v=\"46,43\"","accept-ranges":"none","transfer-encoding":"chunked"}
[debug] [2021-03-28T15:41:26.557Z] >>> HTTP REQUEST POST https://cloudresourcemanager.googleapis.com/v1/projects/paperhand:testIamPermissions  
 {"permissions":["firebase.projects.get","firebasehosting.sites.update"]}
[debug] [2021-03-28T15:41:27.285Z] <<< [apiv2][status] GET https://firebase-public.firebaseio.com/cli.json 200
[debug] [2021-03-28T15:41:27.285Z] <<< [apiv2][body] GET https://firebase-public.firebaseio.com/cli.json {"cloudBuildErrorAfter":1594252800000,"cloudBuildWarnAfter":1590019200000,"defaultNode10After":1594252800000,"minVersion":"3.0.5","node8DeploysDisabledAfter":1613390400000,"node8RuntimeDisabledAfter":1615809600000,"node8WarnAfter":1600128000000}
